[0.007s] Invoking command in '/home/amey/roboticArm_ws/build/mycobot_description': CMAKE_PREFIX_PATH=${CMAKE_PREFIX_PATH}:/opt/ros/jazzy DEBUGINFOD_URLS=https://debuginfod.ubuntu.com /usr/bin/cmake /home/amey/roboticArm_ws/src/mycobot_ros2/mycobot_description -DCMAKE_INSTALL_PREFIX=/home/amey/roboticArm_ws/install/mycobot_description
[0.042s] -- The C compiler identification is GNU 13.3.0
[0.077s] -- The CXX compiler identification is GNU 13.3.0
[0.086s] -- Detecting C compiler ABI info
[0.143s] -- Detecting C compiler ABI info - done
[0.149s] -- Check for working C compiler: /usr/bin/cc - skipped
[0.149s] -- Detecting C compile features
[0.149s] -- Detecting C compile features - done
[0.155s] -- Detecting CXX compiler ABI info
[0.217s] -- Detecting CXX compiler ABI info - done
[0.223s] -- Check for working CXX compiler: /usr/bin/c++ - skipped
[0.224s] -- Detecting CXX compile features
[0.224s] -- Detecting CXX compile features - done
[0.227s] -- Found ament_cmake: 2.5.3 (/opt/ros/jazzy/share/ament_cmake/cmake)
[0.324s] -- Found Python3: /usr/bin/python3 (found version "3.12.3") found components: Interpreter 
[0.414s] -- Found ament_lint_auto: 0.17.1 (/opt/ros/jazzy/share/ament_lint_auto/cmake)
[0.486s] -- Added test 'lint_cmake' to check CMake code style
[0.487s] -- Added test 'xmllint' to check XML markup files
[0.488s] -- Configuring done (0.5s)
[0.490s] -- Generating done (0.0s)
[0.491s] -- Build files have been written to: /home/amey/roboticArm_ws/build/mycobot_description
[0.495s] Invoked command in '/home/amey/roboticArm_ws/build/mycobot_description' returned '0': CMAKE_PREFIX_PATH=${CMAKE_PREFIX_PATH}:/opt/ros/jazzy DEBUGINFOD_URLS=https://debuginfod.ubuntu.com /usr/bin/cmake /home/amey/roboticArm_ws/src/mycobot_ros2/mycobot_description -DCMAKE_INSTALL_PREFIX=/home/amey/roboticArm_ws/install/mycobot_description
[0.495s] Invoking command in '/home/amey/roboticArm_ws/build/mycobot_description': CMAKE_PREFIX_PATH=${CMAKE_PREFIX_PATH}:/opt/ros/jazzy DEBUGINFOD_URLS=https://debuginfod.ubuntu.com /usr/bin/cmake --build /home/amey/roboticArm_ws/build/mycobot_description -- -j16 -l16
[0.522s] Invoked command in '/home/amey/roboticArm_ws/build/mycobot_description' returned '0': CMAKE_PREFIX_PATH=${CMAKE_PREFIX_PATH}:/opt/ros/jazzy DEBUGINFOD_URLS=https://debuginfod.ubuntu.com /usr/bin/cmake --build /home/amey/roboticArm_ws/build/mycobot_description -- -j16 -l16
[0.528s] Invoking command in '/home/amey/roboticArm_ws/build/mycobot_description': CMAKE_PREFIX_PATH=${CMAKE_PREFIX_PATH}:/opt/ros/jazzy DEBUGINFOD_URLS=https://debuginfod.ubuntu.com /usr/bin/cmake --install /home/amey/roboticArm_ws/build/mycobot_description
[0.533s] -- Install configuration: ""
[0.534s] -- Installing: /home/amey/roboticArm_ws/install/mycobot_description/share/ament_index/resource_index/package_run_dependencies/mycobot_description
[0.534s] -- Installing: /home/amey/roboticArm_ws/install/mycobot_description/share/ament_index/resource_index/parent_prefix_path/mycobot_description
[0.534s] -- Installing: /home/amey/roboticArm_ws/install/mycobot_description/share/mycobot_description/environment/ament_prefix_path.sh
[0.534s] -- Installing: /home/amey/roboticArm_ws/install/mycobot_description/share/mycobot_description/environment/ament_prefix_path.dsv
[0.534s] -- Installing: /home/amey/roboticArm_ws/install/mycobot_description/share/mycobot_description/environment/path.sh
[0.534s] -- Installing: /home/amey/roboticArm_ws/install/mycobot_description/share/mycobot_description/environment/path.dsv
[0.534s] -- Installing: /home/amey/roboticArm_ws/install/mycobot_description/share/mycobot_description/local_setup.bash
[0.534s] -- Installing: /home/amey/roboticArm_ws/install/mycobot_description/share/mycobot_description/local_setup.sh
[0.534s] -- Installing: /home/amey/roboticArm_ws/install/mycobot_description/share/mycobot_description/local_setup.zsh
[0.534s] -- Installing: /home/amey/roboticArm_ws/install/mycobot_description/share/mycobot_description/local_setup.dsv
[0.534s] -- Installing: /home/amey/roboticArm_ws/install/mycobot_description/share/mycobot_description/package.dsv
[0.534s] -- Installing: /home/amey/roboticArm_ws/install/mycobot_description/share/ament_index/resource_index/packages/mycobot_description
[0.534s] -- Installing: /home/amey/roboticArm_ws/install/mycobot_description/share/mycobot_description/cmake/mycobot_descriptionConfig.cmake
[0.534s] -- Installing: /home/amey/roboticArm_ws/install/mycobot_description/share/mycobot_description/cmake/mycobot_descriptionConfig-version.cmake
[0.534s] -- Installing: /home/amey/roboticArm_ws/install/mycobot_description/share/mycobot_description/package.xml
[0.535s] Invoked command in '/home/amey/roboticArm_ws/build/mycobot_description' returned '0': CMAKE_PREFIX_PATH=${CMAKE_PREFIX_PATH}:/opt/ros/jazzy DEBUGINFOD_URLS=https://debuginfod.ubuntu.com /usr/bin/cmake --install /home/amey/roboticArm_ws/build/mycobot_description
