[0.007s] Invoking command in '/home/amey/roboticArm_ws/build/myrobot_description': DEBUGINFOD_URLS=https://debuginfod.ubuntu.com /usr/bin/cmake /home/amey/roboticArm_ws/src/myrobot_ros2/myrobot_description -DCMAKE_INSTALL_PREFIX=/home/amey/roboticArm_ws/install/myrobot_description
[0.016s] -- Found ament_cmake: 2.5.3 (/opt/ros/jazzy/share/ament_cmake/cmake)
[0.151s] -- Found ament_lint_auto: 0.17.1 (/opt/ros/jazzy/share/ament_lint_auto/cmake)
[0.199s] Error parsing '/home/amey/roboticArm_ws/src/myrobot_ros2/myrobot_description/package.xml':
[0.971s] Traceback (most recent call last):
[0.971s]   File "/opt/ros/jazzy/share/ament_cmake_core/cmake/core/package_xml_2_cmake.py", line 150, in <module>
[0.971s]     main()
[0.971s]   File "/opt/ros/jazzy/share/ament_cmake_core/cmake/core/package_xml_2_cmake.py", line 53, in main
[0.971s]     raise e
[0.971s]   File "/opt/ros/jazzy/share/ament_cmake_core/cmake/core/package_xml_2_cmake.py", line 49, in main
[0.971s]     package = parse_package_string(
[0.971s]               ^^^^^^^^^^^^^^^^^^^^^
[0.971s]   File "/usr/lib/python3/dist-packages/catkin_pkg/package.py", line 788, in parse_package_string
[0.971s]     pkg.validate(warnings=warnings)
[0.971s]   File "/usr/lib/python3/dist-packages/catkin_pkg/package.py", line 330, in validate
[0.971s]     raise InvalidPackage('\n'.join(errors), self.filename)
[0.971s] catkin_pkg.package.InvalidPackage: Error(s) in package '/home/amey/roboticArm_ws/src/myrobot_ros2/myrobot_description/package.xml':
[0.971s] The package "myrobot_description" must not "exec_depend" on a package with the same name as this package
[0.998s] [31mCMake Error at /opt/ros/jazzy/share/ament_cmake_core/cmake/core/ament_package_xml.cmake:95 (message):
[0.998s]   execute_process(/usr/bin/python3
[0.998s]   /opt/ros/jazzy/share/ament_cmake_core/cmake/core/package_xml_2_cmake.py
[0.998s]   /home/amey/roboticArm_ws/src/myrobot_ros2/myrobot_description/package.xml
[0.998s]   /home/amey/roboticArm_ws/build/myrobot_description/ament_cmake_core/package.cmake)
[0.998s]   returned error code 1
[0.998s] Call Stack (most recent call first):
[0.998s]   /opt/ros/jazzy/share/ament_cmake_core/cmake/core/ament_package_xml.cmake:49 (_ament_package_xml)
[0.998s]   /opt/ros/jazzy/share/ament_lint_auto/cmake/ament_lint_auto_find_test_dependencies.cmake:31 (ament_package_xml)
[0.998s]   CMakeLists.txt:23 (ament_lint_auto_find_test_dependencies)
[0.998s] 
[0.998s] [0m
[0.998s] -- Configuring incomplete, errors occurred!
[1.000s] Invoked command in '/home/amey/roboticArm_ws/build/myrobot_description' returned '1': DEBUGINFOD_URLS=https://debuginfod.ubuntu.com /usr/bin/cmake /home/amey/roboticArm_ws/src/myrobot_ros2/myrobot_description -DCMAKE_INSTALL_PREFIX=/home/amey/roboticArm_ws/install/myrobot_description
