[0.007s] Invoking command in '/home/amey/roboticArm_ws/build/myrobot_description': DEBUGINFOD_URLS=https://debuginfod.ubuntu.com /usr/bin/cmake /home/amey/roboticArm_ws/src/myrobot_ros2/myrobot_description -DCMAKE_INSTALL_PREFIX=/home/amey/roboticArm_ws/install/myrobot_description
[0.044s] -- The C compiler identification is GNU 13.3.0
[0.080s] -- The CXX compiler identification is GNU 13.3.0
[0.091s] -- Detecting C compiler ABI info
[0.148s] -- Detecting C compiler ABI info - done
[0.154s] -- Check for working C compiler: /usr/bin/cc - skipped
[0.155s] -- Detecting C compile features
[0.155s] -- Detecting C compile features - done
[0.161s] -- Detecting CXX compiler ABI info
[0.227s] -- Detecting CXX compiler ABI info - done
[0.233s] -- Check for working CXX compiler: /usr/bin/c++ - skipped
[0.233s] -- Detecting CXX compile features
[0.234s] -- Detecting CXX compile features - done
[0.236s] -- Found ament_cmake: 2.5.3 (/opt/ros/jazzy/share/ament_cmake/cmake)
[0.335s] -- Found Python3: /usr/bin/python3 (found version "3.12.3") found components: Interpreter 
[0.414s] -- Found ament_lint_auto: 0.17.1 (/opt/ros/jazzy/share/ament_lint_auto/cmake)
[0.461s] Error parsing '/home/amey/roboticArm_ws/src/myrobot_ros2/myrobot_description/package.xml':
[25.677s] Traceback (most recent call last):
[25.677s]   File "/opt/ros/jazzy/share/ament_cmake_core/cmake/core/package_xml_2_cmake.py", line 150, in <module>
[25.678s]     main()
[25.678s]   File "/opt/ros/jazzy/share/ament_cmake_core/cmake/core/package_xml_2_cmake.py", line 53, in main
[25.678s]     raise e
[25.678s]   File "/opt/ros/jazzy/share/ament_cmake_core/cmake/core/package_xml_2_cmake.py", line 49, in main
[25.678s]     package = parse_package_string(
[25.678s]               ^^^^^^^^^^^^^^^^^^^^^
[25.678s]   File "/usr/lib/python3/dist-packages/catkin_pkg/package.py", line 788, in parse_package_string
[25.678s]     pkg.validate(warnings=warnings)
[25.678s]   File "/usr/lib/python3/dist-packages/catkin_pkg/package.py", line 330, in validate
[25.678s]     raise InvalidPackage('\n'.join(errors), self.filename)
[25.678s] catkin_pkg.package.InvalidPackage: Error(s) in package '/home/amey/roboticArm_ws/src/myrobot_ros2/myrobot_description/package.xml':
[25.678s] The package "myrobot_description" must not "exec_depend" on a package with the same name as this package
[25.704s] [31mCMake Error at /opt/ros/jazzy/share/ament_cmake_core/cmake/core/ament_package_xml.cmake:95 (message):
[25.705s]   execute_process(/usr/bin/python3
[25.705s]   /opt/ros/jazzy/share/ament_cmake_core/cmake/core/package_xml_2_cmake.py
[25.705s]   /home/amey/roboticArm_ws/src/myrobot_ros2/myrobot_description/package.xml
[25.705s]   /home/amey/roboticArm_ws/build/myrobot_description/ament_cmake_core/package.cmake)
[25.705s]   returned error code 1
[25.705s] Call Stack (most recent call first):
[25.705s]   /opt/ros/jazzy/share/ament_cmake_core/cmake/core/ament_package_xml.cmake:49 (_ament_package_xml)
[25.705s]   /opt/ros/jazzy/share/ament_lint_auto/cmake/ament_lint_auto_find_test_dependencies.cmake:31 (ament_package_xml)
[25.705s]   CMakeLists.txt:23 (ament_lint_auto_find_test_dependencies)
[25.705s] 
[25.705s] [0m
[25.705s] -- Configuring incomplete, errors occurred!
[25.709s] Invoked command in '/home/amey/roboticArm_ws/build/myrobot_description' returned '1': DEBUGINFOD_URLS=https://debuginfod.ubuntu.com /usr/bin/cmake /home/amey/roboticArm_ws/src/myrobot_ros2/myrobot_description -DCMAKE_INSTALL_PREFIX=/home/amey/roboticArm_ws/install/myrobot_description
